TN:
SF:/Users/ianlancaster/Documents/Learning/Turing School/Mod3/Prework/Redux First Try/redux-weather-app/src/actions/index.js
FN:,(anonymous_0)
FN:,(anonymous_1)
FN:,(anonymous_2)
FN:,(anonymous_3)
FN:,(anonymous_4)
FN:,(anonymous_5)
FN:,(anonymous_6)
FN:,(anonymous_7)
FN:,(anonymous_8)
FN:,(anonymous_9)
FN:,(anonymous_10)
FNF:11
FNH:0
FNDA:0,(anonymous_0)
FNDA:0,(anonymous_1)
FNDA:0,(anonymous_2)
FNDA:0,(anonymous_3)
FNDA:0,(anonymous_4)
FNDA:0,(anonymous_5)
FNDA:0,(anonymous_6)
FNDA:0,(anonymous_7)
FNDA:0,(anonymous_8)
FNDA:0,(anonymous_9)
FNDA:0,(anonymous_10)
DA:4,1
DA:8,1
DA:12,1
DA:13,0
DA:23,1
DA:24,0
DA:30,1
DA:31,0
DA:32,0
DA:33,0
DA:45,0
DA:46,0
DA:47,0
DA:48,0
DA:54,0
DA:57,1
DA:58,0
DA:59,0
DA:60,0
DA:61,0
DA:62,0
DA:63,0
LF:22
LH:6
BRF:0
BRH:0
end_of_record
TN:
SF:/Users/ianlancaster/Documents/Learning/Turing School/Mod3/Prework/Redux First Try/redux-weather-app/src/components/App.js
FN:,(anonymous_0)
FNF:1
FNH:0
FNDA:0,(anonymous_0)
DA:14,0
DA:16,0
LF:2
LH:0
BRDA:,0,0,0
BRDA:,0,1,0
BRDA:,1,0,0
BRDA:,1,1,0
BRDA:,2,0,0
BRDA:,2,1,0
BRF:6
BRH:0
end_of_record
TN:
SF:/Users/ianlancaster/Documents/Learning/Turing School/Mod3/Prework/Redux First Try/redux-weather-app/src/views/LogInView.js
FN:,(anonymous_0)
FN:,(anonymous_1)
FNF:2
FNH:0
FNDA:0,(anonymous_0)
FNDA:0,(anonymous_1)
DA:13,0
DA:15,0
DA:28,1
DA:29,0
LF:4
LH:1
BRDA:,0,0,0
BRDA:,0,1,0
BRF:2
BRH:0
end_of_record
TN:
SF:/Users/ianlancaster/Documents/Learning/Turing School/Mod3/Prework/Redux First Try/redux-weather-app/src/components/Button.js
FN:,(anonymous_0)
FN:,(anonymous_1)
FNF:2
FNH:0
FNDA:0,(anonymous_0)
FNDA:0,(anonymous_1)
DA:3,1
DA:4,0
DA:7,1
LF:3
LH:2
BRF:0
BRH:0
end_of_record
TN:
SF:/Users/ianlancaster/Documents/Learning/Turing School/Mod3/Prework/Redux First Try/redux-weather-app/src/contatiners/SetLocation.js
FN:,(anonymous_0)
FNF:1
FNH:0
FNDA:0,(anonymous_0)
DA:5,1
DA:9,1
DA:14,1
LF:3
LH:3
BRF:0
BRH:0
end_of_record
TN:
SF:/Users/ianlancaster/Documents/Learning/Turing School/Mod3/Prework/Redux First Try/redux-weather-app/src/components/SetLocation.js
FN:,(anonymous_0)
FN:,(anonymous_1)
FN:,(anonymous_2)
FNF:3
FNH:0
FNDA:0,(anonymous_0)
FNDA:0,(anonymous_1)
FNDA:0,(anonymous_2)
DA:3,1
DA:6,0
DA:10,0
DA:11,0
DA:12,0
DA:14,0
DA:15,0
DA:20,0
DA:30,1
LF:9
LH:2
BRDA:,0,0,0
BRDA:,0,1,0
BRF:2
BRH:0
end_of_record
TN:
SF:/Users/ianlancaster/Documents/Learning/Turing School/Mod3/Prework/Redux First Try/redux-weather-app/src/views/OneDayView.js
FN:,(anonymous_0)
FN:,(anonymous_1)
FN:,(anonymous_2)
FNF:3
FNH:0
FNDA:0,(anonymous_0)
FNDA:0,(anonymous_1)
FNDA:0,(anonymous_2)
DA:10,0
DA:16,1
DA:17,0
DA:22,1
DA:23,0
LF:5
LH:2
BRF:0
BRH:0
end_of_record
TN:
SF:/Users/ianlancaster/Documents/Learning/Turing School/Mod3/Prework/Redux First Try/redux-weather-app/src/views/SevenDayView.js
FN:,(anonymous_0)
FN:,(anonymous_1)
FN:,(anonymous_2)
FN:,(anonymous_3)
FNF:4
FNH:0
FNDA:0,(anonymous_0)
FNDA:0,(anonymous_1)
FNDA:0,(anonymous_2)
FNDA:0,(anonymous_3)
DA:17,0
DA:18,0
DA:21,0
DA:22,0
DA:29,0
DA:36,1
DA:37,0
DA:38,0
DA:47,1
LF:9
LH:2
BRDA:,0,0,0
BRDA:,0,1,0
BRDA:,1,0,0
BRDA:,1,1,0
BRF:4
BRH:0
end_of_record
TN:
SF:/Users/ianlancaster/Documents/Learning/Turing School/Mod3/Prework/Redux First Try/redux-weather-app/src/components/WeekDay.js
FN:,(anonymous_0)
FNF:1
FNH:0
FNDA:0,(anonymous_0)
DA:4,1
DA:5,0
DA:6,0
DA:8,0
DA:31,1
LF:5
LH:2
BRF:0
BRH:0
end_of_record
TN:
SF:/Users/ianlancaster/Documents/Learning/Turing School/Mod3/Prework/Redux First Try/redux-weather-app/src/contatiners/App.js
FN:,(anonymous_0)
FNF:1
FNH:0
FNDA:0,(anonymous_0)
DA:4,1
DA:5,0
DA:6,0
DA:13,1
LF:4
LH:2
BRF:0
BRH:0
end_of_record
